<?xml version="1.0" encoding="UTF-8"?>
<robot generator="Robot 5.0 (Python 3.9.10 on darwin)" generated="20220328 15:36:58.205" rpa="false" schemaversion="3">
<suite id="s1" name="Examples" source="/Users/steevessaillant/src/python_code/lib_host_project/examples.robot">
<test id="s1-t1" name="Greeter" line="10">
<kw name="Background">
<kw name="Given some background stuff" library="examples_step_definitions">
<kw name="Fail" library="BuiltIn">
<arg>Keyword "some background stuff" Not Implemented Yet</arg>
<doc>Fails the test with the given message and optionally alters its tags.</doc>
<msg timestamp="20220328 15:36:58.246" level="FAIL">Keyword "some background stuff" Not Implemented Yet</msg>
<status status="FAIL" starttime="20220328 15:36:58.245" endtime="20220328 15:36:58.246"/>
</kw>
<status status="FAIL" starttime="20220328 15:36:58.245" endtime="20220328 15:36:58.247"/>
</kw>
<status status="FAIL" starttime="20220328 15:36:58.245" endtime="20220328 15:36:58.248"/>
</kw>
<kw name="Given a greeter" library="examples_step_definitions">
<status status="NOT RUN" starttime="20220328 15:36:58.248" endtime="20220328 15:36:58.248"/>
</kw>
<kw name="Create List" library="BuiltIn">
<var>${DataTable}</var>
<doc>Returns a list containing given items.</doc>
<status status="NOT RUN" starttime="20220328 15:36:58.248" endtime="20220328 15:36:58.248"/>
</kw>
<for flavor="IN">
<var>${Name}</var>
<var>${Greeting}</var>
<value>Joe</value>
<value>Hello</value>
<value>Mary</value>
<value>Hi, there!</value>
<iter>
<var name="${Name}"/>
<var name="${Greeting}"/>
<kw name="Create Dictionary" library="BuiltIn">
<var>${entry}</var>
<arg>Name=${Name}</arg>
<arg>Greeting=${Greeting}</arg>
<doc>Creates and returns a dictionary based on the given ``items``.</doc>
<status status="NOT RUN" starttime="20220328 15:36:58.249" endtime="20220328 15:36:58.249"/>
</kw>
<kw name="Append To List" library="Collections">
<arg>${DataTable}</arg>
<arg>${entry}</arg>
<doc>Adds ``values`` to the end of ``list``.</doc>
<status status="NOT RUN" starttime="20220328 15:36:58.249" endtime="20220328 15:36:58.249"/>
</kw>
<status status="NOT RUN" starttime="20220328 15:36:58.248" endtime="20220328 15:36:58.249"/>
</iter>
<status status="NOT RUN" starttime="20220328 15:36:58.248" endtime="20220328 15:36:58.249"/>
</for>
<kw name="When greeting the following persons:" library="examples_step_definitions">
<arg>@{DataTable}</arg>
<status status="NOT RUN" starttime="20220328 15:36:58.249" endtime="20220328 15:36:58.249"/>
</kw>
<kw name="Then the wold is a better place" library="examples_step_definitions">
<status status="NOT RUN" starttime="20220328 15:36:58.249" endtime="20220328 15:36:58.249"/>
</kw>
<status status="FAIL" starttime="20220328 15:36:58.244" endtime="20220328 15:36:58.250">Keyword "some background stuff" Not Implemented Yet</status>
</test>
<test id="s1-t2" name="Repetitive stuff: A" line="23">
<kw name="Scenario Outline Repetitive stuff">
<arg>AAA</arg>
<arg>123</arg>
<doc>A nice description
on multiple lines</doc>
<kw name="Background">
<kw name="Given some background stuff" library="examples_step_definitions">
<kw name="Fail" library="BuiltIn">
<arg>Keyword "some background stuff" Not Implemented Yet</arg>
<doc>Fails the test with the given message and optionally alters its tags.</doc>
<msg timestamp="20220328 15:36:58.252" level="FAIL">Keyword "some background stuff" Not Implemented Yet</msg>
<status status="FAIL" starttime="20220328 15:36:58.251" endtime="20220328 15:36:58.252"/>
</kw>
<status status="FAIL" starttime="20220328 15:36:58.251" endtime="20220328 15:36:58.253"/>
</kw>
<status status="FAIL" starttime="20220328 15:36:58.251" endtime="20220328 15:36:58.254"/>
</kw>
<kw name="Given a thing with &quot;${thingy}&quot;" library="examples_step_definitions" sourcename="a thing with &quot;${thingy}&quot;">
<status status="NOT RUN" starttime="20220328 15:36:58.254" endtime="20220328 15:36:58.254"/>
</kw>
<kw name="When some action" library="examples_step_definitions">
<status status="NOT RUN" starttime="20220328 15:36:58.254" endtime="20220328 15:36:58.254"/>
</kw>
<kw name="Then this happened: ${stuff}" library="examples_step_definitions" sourcename="this happened: ${stuff}">
<status status="NOT RUN" starttime="20220328 15:36:58.255" endtime="20220328 15:36:58.255"/>
</kw>
<status status="FAIL" starttime="20220328 15:36:58.250" endtime="20220328 15:36:58.255"/>
</kw>
<kw name="Scenario Outline Repetitive stuff">
<arg>BBB</arg>
<arg>456</arg>
<doc>A nice description
on multiple lines</doc>
<kw name="Background">
<kw name="Given some background stuff" library="examples_step_definitions">
<kw name="Fail" library="BuiltIn">
<arg>Keyword "some background stuff" Not Implemented Yet</arg>
<doc>Fails the test with the given message and optionally alters its tags.</doc>
<msg timestamp="20220328 15:36:58.257" level="FAIL">Keyword "some background stuff" Not Implemented Yet</msg>
<status status="FAIL" starttime="20220328 15:36:58.257" endtime="20220328 15:36:58.257"/>
</kw>
<status status="FAIL" starttime="20220328 15:36:58.256" endtime="20220328 15:36:58.258"/>
</kw>
<status status="FAIL" starttime="20220328 15:36:58.256" endtime="20220328 15:36:58.262"/>
</kw>
<kw name="Given a thing with &quot;${thingy}&quot;" library="examples_step_definitions" sourcename="a thing with &quot;${thingy}&quot;">
<status status="NOT RUN" starttime="20220328 15:36:58.263" endtime="20220328 15:36:58.263"/>
</kw>
<kw name="When some action" library="examples_step_definitions">
<status status="NOT RUN" starttime="20220328 15:36:58.263" endtime="20220328 15:36:58.263"/>
</kw>
<kw name="Then this happened: ${stuff}" library="examples_step_definitions" sourcename="this happened: ${stuff}">
<status status="NOT RUN" starttime="20220328 15:36:58.263" endtime="20220328 15:36:58.263"/>
</kw>
<status status="FAIL" starttime="20220328 15:36:58.255" endtime="20220328 15:36:58.264"/>
</kw>
<doc>Documentation for
example A</doc>
<tag>A</tag>
<tag>tag</tag>
<status status="FAIL" starttime="20220328 15:36:58.250" endtime="20220328 15:36:58.264">Several failures occurred:

1) Keyword "some background stuff" Not Implemented Yet

2) Keyword "some background stuff" Not Implemented Yet</status>
</test>
<test id="s1-t3" name="Repetitive stuff: B" line="31">
<kw name="Scenario Outline Repetitive stuff">
<arg>CCC</arg>
<arg>789</arg>
<doc>A nice description
on multiple lines</doc>
<kw name="Background">
<kw name="Given some background stuff" library="examples_step_definitions">
<kw name="Fail" library="BuiltIn">
<arg>Keyword "some background stuff" Not Implemented Yet</arg>
<doc>Fails the test with the given message and optionally alters its tags.</doc>
<msg timestamp="20220328 15:36:58.271" level="FAIL">Keyword "some background stuff" Not Implemented Yet</msg>
<status status="FAIL" starttime="20220328 15:36:58.270" endtime="20220328 15:36:58.271"/>
</kw>
<status status="FAIL" starttime="20220328 15:36:58.270" endtime="20220328 15:36:58.273"/>
</kw>
<status status="FAIL" starttime="20220328 15:36:58.270" endtime="20220328 15:36:58.274"/>
</kw>
<kw name="Given a thing with &quot;${thingy}&quot;" library="examples_step_definitions" sourcename="a thing with &quot;${thingy}&quot;">
<status status="NOT RUN" starttime="20220328 15:36:58.274" endtime="20220328 15:36:58.274"/>
</kw>
<kw name="When some action" library="examples_step_definitions">
<status status="NOT RUN" starttime="20220328 15:36:58.274" endtime="20220328 15:36:58.274"/>
</kw>
<kw name="Then this happened: ${stuff}" library="examples_step_definitions" sourcename="this happened: ${stuff}">
<status status="NOT RUN" starttime="20220328 15:36:58.274" endtime="20220328 15:36:58.274"/>
</kw>
<status status="FAIL" starttime="20220328 15:36:58.269" endtime="20220328 15:36:58.275"/>
</kw>
<kw name="Scenario Outline Repetitive stuff">
<arg>DDD</arg>
<arg>000</arg>
<doc>A nice description
on multiple lines</doc>
<kw name="Background">
<kw name="Given some background stuff" library="examples_step_definitions">
<kw name="Fail" library="BuiltIn">
<arg>Keyword "some background stuff" Not Implemented Yet</arg>
<doc>Fails the test with the given message and optionally alters its tags.</doc>
<msg timestamp="20220328 15:36:58.278" level="FAIL">Keyword "some background stuff" Not Implemented Yet</msg>
<status status="FAIL" starttime="20220328 15:36:58.277" endtime="20220328 15:36:58.279"/>
</kw>
<status status="FAIL" starttime="20220328 15:36:58.276" endtime="20220328 15:36:58.280"/>
</kw>
<status status="FAIL" starttime="20220328 15:36:58.276" endtime="20220328 15:36:58.281"/>
</kw>
<kw name="Given a thing with &quot;${thingy}&quot;" library="examples_step_definitions" sourcename="a thing with &quot;${thingy}&quot;">
<status status="NOT RUN" starttime="20220328 15:36:58.281" endtime="20220328 15:36:58.282"/>
</kw>
<kw name="When some action" library="examples_step_definitions">
<status status="NOT RUN" starttime="20220328 15:36:58.282" endtime="20220328 15:36:58.282"/>
</kw>
<kw name="Then this happened: ${stuff}" library="examples_step_definitions" sourcename="this happened: ${stuff}">
<status status="NOT RUN" starttime="20220328 15:36:58.282" endtime="20220328 15:36:58.282"/>
</kw>
<status status="FAIL" starttime="20220328 15:36:58.275" endtime="20220328 15:36:58.282"/>
</kw>
<doc>Documentation for example B</doc>
<tag>B</tag>
<tag>tag</tag>
<status status="FAIL" starttime="20220328 15:36:58.265" endtime="20220328 15:36:58.283">Several failures occurred:

1) Keyword "some background stuff" Not Implemented Yet

2) Keyword "some background stuff" Not Implemented Yet</status>
</test>
<doc>As a tester
I want to specify feature files and translate it to RobotFramework
So I can use the best of both worlds</doc>
<meta name="Feature">Examples</meta>
<meta name="Generated by">_gherkin2robotframework on 2022-03-28T15:02:52.407114_</meta>
<status status="FAIL" starttime="20220328 15:36:58.206" endtime="20220328 15:36:58.283"/>
</suite>
<statistics>
<total>
<stat pass="0" fail="3" skip="0">All Tests</stat>
</total>
<tag>
<stat pass="0" fail="1" skip="0">A</stat>
<stat pass="0" fail="1" skip="0">B</stat>
<stat pass="0" fail="2" skip="0">tag</stat>
</tag>
<suite>
<stat pass="0" fail="3" skip="0" id="s1" name="Examples">Examples</stat>
</suite>
</statistics>
<errors>
</errors>
</robot>
